2017/07/28 17:04:10 access ip -> 192.168.1.15
SQLSTATE[08006] [7] FATAL:  password authentication failed for user "postgres"
ACWCore::__set_state(array(
   'config' => 
  array (
    'controller_class_name' => 'ACWController',
    'url_cmd' => 'acw_url_cmd',
    'smarty_left_delimiter' => '<%',
    'smarty_right_delimiter' => '%>',
    'smarty_debug' => 0,
  ),
   'gvar' => 
  array (
    'url_level' => 
    array (
      0 => 'login',
      1 => 'auth',
    ),
    'model' => 'login',
    'action' => 'auth',
    'dir_level' => 
    array (
    ),
    'model_name' => 'Login_model',
    'action_method' => 'action_auth',
    'param_level' => 
    array (
    ),
    'model_php' => 'E:/DEVELOPMENT/simple_framework/app/model/Login.php',
    'last_validate' => true,
    'last_param' => 
    array (
      'user_id' => 'PM',
      'passwd' => '1',
    ),
  ),
   'error' => 
  array (
    0 => 
    array (
      'key' => 'db_error',
      'info' => 'SQLSTATE[08006] [7] FATAL:  password authentication failed for user "postgres"',
    ),
  ),
))
#0 E:\DEVELOPMENT\simple_framework\acwork\class\ACWDB.php(41): PDO->__construct('pgsql:dbname=li...', 'postgres', 'postgres', Array)
#1 E:\DEVELOPMENT\simple_framework\app\model\Login.php(37): ACWDB->__construct()
#2 [internal function]: Login_model::action_auth()
#3 E:\DEVELOPMENT\simple_framework\acwork\class\ACWController.php(164): call_user_func(Array)
#4 E:\DEVELOPMENT\simple_framework\acwork\class\ACWController.php(32): ACWController->dispach()
#5 E:\DEVELOPMENT\simple_framework\acwork\class\ACWCore.php(115): ACWController->main(NULL)
#6 E:\DEVELOPMENT\simple_framework\index.php(29): ACWCore::acwork()
#7 {main}
2017/07/28 17:10:10 access ip -> 192.168.1.15
SQLSTATE[08006] [7] FATAL:  password authentication failed for user "postgres"
ACWCore::__set_state(array(
   'config' => 
  array (
    'controller_class_name' => 'ACWController',
    'url_cmd' => 'acw_url_cmd',
    'smarty_left_delimiter' => '<%',
    'smarty_right_delimiter' => '%>',
    'smarty_debug' => 0,
  ),
   'gvar' => 
  array (
    'url_level' => 
    array (
      0 => 'login',
      1 => 'auth',
    ),
    'model' => 'login',
    'action' => 'auth',
    'dir_level' => 
    array (
    ),
    'model_name' => 'Login_model',
    'action_method' => 'action_auth',
    'param_level' => 
    array (
    ),
    'model_php' => 'E:/DEVELOPMENT/simple_framework/app/model/Login.php',
    'last_validate' => true,
    'last_param' => 
    array (
      'user_id' => 'MK',
      'passwd' => '1',
    ),
  ),
   'error' => 
  array (
    0 => 
    array (
      'key' => 'db_error',
      'info' => 'SQLSTATE[08006] [7] FATAL:  password authentication failed for user "postgres"',
    ),
  ),
))
#0 E:\DEVELOPMENT\simple_framework\acwork\class\ACWDB.php(41): PDO->__construct('pgsql:dbname=si...', 'postgres', 'postgres', Array)
#1 E:\DEVELOPMENT\simple_framework\app\model\Login.php(37): ACWDB->__construct()
#2 [internal function]: Login_model::action_auth()
#3 E:\DEVELOPMENT\simple_framework\acwork\class\ACWController.php(164): call_user_func(Array)
#4 E:\DEVELOPMENT\simple_framework\acwork\class\ACWController.php(32): ACWController->dispach()
#5 E:\DEVELOPMENT\simple_framework\acwork\class\ACWCore.php(115): ACWController->main(NULL)
#6 E:\DEVELOPMENT\simple_framework\index.php(29): ACWCore::acwork()
#7 {main}
